<renderingStyle name="test-depends" depends="default" defaultColor="#f1eae4" version="1">
	<!-- In a dependent renderer, just specify what should change vs. the master/default renderer -->


	<!-- Example: always use 'Road atlas style' road colors -->
		<renderingConstant name="motorwayRoadColor" value="#809bff"/>
		<renderingConstant name="trunkRoadColor" value="#ed154b"/>
		<renderingConstant name="primaryRoadColor" value="#ff80a0"/>
		<renderingConstant name="secondaryRoadColor" value="#ffd080"/>
		<renderingConstant name="tertiaryRoadColor" value="#ffff80"/>


	<order>
	</order>


	<text>
	</text>


	<point>
	</point>


	<polygon>
	</polygon>


	<line>
	</line>

</renderingStyle>